********************************************************************************
**** Running test base...
********************************************************************************
ISim P.20131013 (signature 0x7708f090)
WARNING: A WEBPACK license was found.
WARNING: Please use Xilinx License Configuration Manager to check out a full ISim license.
WARNING: ISim will run in Lite mode. Please refer to the ISim documentation for more information on the differences between the Lite and the Full version.
This is a Lite version of ISim.
Time resolution is 1 ps
Simulator is doing circuit initialization process.
Finished circuit initialization process.
--------------------------------------------------------------------------------
done in 85 cycles
--------------------------------------------------------------------------------
Stopped at time : 41835 ns : File "C:/Users/Vlad/Desktop/tema2_tester (3)/tema2_tester/build/bin/tester/tester.v" Line 220
********************************************************************************
**** Running test complex1...
********************************************************************************
ISim P.20131013 (signature 0x7708f090)
WARNING: A WEBPACK license was found.
WARNING: Please use Xilinx License Configuration Manager to check out a full ISim license.
WARNING: ISim will run in Lite mode. Please refer to the ISim documentation for more information on the differences between the Lite and the Full version.
This is a Lite version of ISim.
Time resolution is 1 ps
Simulator is doing circuit initialization process.
Finished circuit initialization process.
--------------------------------------------------------------------------------
done in 26919 cycles
--------------------------------------------------------------------------------
Stopped at time : 310175 ns : File "C:/Users/Vlad/Desktop/tema2_tester (3)/tema2_tester/build/bin/tester/tester.v" Line 220
********************************************************************************
**** Running test complex2...
********************************************************************************
ISim P.20131013 (signature 0x7708f090)
WARNING: A WEBPACK license was found.
WARNING: Please use Xilinx License Configuration Manager to check out a full ISim license.
WARNING: ISim will run in Lite mode. Please refer to the ISim documentation for more information on the differences between the Lite and the Full version.
This is a Lite version of ISim.
Time resolution is 1 ps
Simulator is doing circuit initialization process.
Finished circuit initialization process.
--------------------------------------------------------------------------------
done in 32859 cycles
--------------------------------------------------------------------------------
Stopped at time : 369575 ns : File "C:/Users/Vlad/Desktop/tema2_tester (3)/tema2_tester/build/bin/tester/tester.v" Line 220
********************************************************************************
**** Running test complex3...
********************************************************************************
ISim P.20131013 (signature 0x7708f090)
WARNING: A WEBPACK license was found.
WARNING: Please use Xilinx License Configuration Manager to check out a full ISim license.
WARNING: ISim will run in Lite mode. Please refer to the ISim documentation for more information on the differences between the Lite and the Full version.
This is a Lite version of ISim.
Time resolution is 1 ps
Simulator is doing circuit initialization process.
Finished circuit initialization process.
--------------------------------------------------------------------------------
done in 27089 cycles
--------------------------------------------------------------------------------
Stopped at time : 311875 ns : File "C:/Users/Vlad/Desktop/tema2_tester (3)/tema2_tester/build/bin/tester/tester.v" Line 220
********************************************************************************
**** Running test complex4...
********************************************************************************
ISim P.20131013 (signature 0x7708f090)
WARNING: A WEBPACK license was found.
WARNING: Please use Xilinx License Configuration Manager to check out a full ISim license.
WARNING: ISim will run in Lite mode. Please refer to the ISim documentation for more information on the differences between the Lite and the Full version.
This is a Lite version of ISim.
Time resolution is 1 ps
Simulator is doing circuit initialization process.
Finished circuit initialization process.
--------------------------------------------------------------------------------
done in 21287 cycles
--------------------------------------------------------------------------------
Stopped at time : 253855 ns : File "C:/Users/Vlad/Desktop/tema2_tester (3)/tema2_tester/build/bin/tester/tester.v" Line 220
********************************************************************************
**** Running test complex5...
********************************************************************************
ISim P.20131013 (signature 0x7708f090)
WARNING: A WEBPACK license was found.
WARNING: Please use Xilinx License Configuration Manager to check out a full ISim license.
WARNING: ISim will run in Lite mode. Please refer to the ISim documentation for more information on the differences between the Lite and the Full version.
This is a Lite version of ISim.
Time resolution is 1 ps
Simulator is doing circuit initialization process.
Finished circuit initialization process.
--------------------------------------------------------------------------------
done in 32254 cycles
--------------------------------------------------------------------------------
Stopped at time : 363525 ns : File "C:/Users/Vlad/Desktop/tema2_tester (3)/tema2_tester/build/bin/tester/tester.v" Line 220
********************************************************************************
**** Running test simple1...
********************************************************************************
ISim P.20131013 (signature 0x7708f090)
WARNING: A WEBPACK license was found.
WARNING: Please use Xilinx License Configuration Manager to check out a full ISim license.
WARNING: ISim will run in Lite mode. Please refer to the ISim documentation for more information on the differences between the Lite and the Full version.
This is a Lite version of ISim.
Time resolution is 1 ps
Simulator is doing circuit initialization process.
Finished circuit initialization process.
--------------------------------------------------------------------------------
done in 981 cycles
--------------------------------------------------------------------------------
Stopped at time : 50795 ns : File "C:/Users/Vlad/Desktop/tema2_tester (3)/tema2_tester/build/bin/tester/tester.v" Line 220
********************************************************************************
**** Running test simple2...
********************************************************************************
ISim P.20131013 (signature 0x7708f090)
WARNING: A WEBPACK license was found.
WARNING: Please use Xilinx License Configuration Manager to check out a full ISim license.
WARNING: ISim will run in Lite mode. Please refer to the ISim documentation for more information on the differences between the Lite and the Full version.
This is a Lite version of ISim.
Time resolution is 1 ps
Simulator is doing circuit initialization process.
Finished circuit initialization process.
--------------------------------------------------------------------------------
done in 2329 cycles
--------------------------------------------------------------------------------
Stopped at time : 64275 ns : File "C:/Users/Vlad/Desktop/tema2_tester (3)/tema2_tester/build/bin/tester/tester.v" Line 220
********************************************************************************
**** Running test simple3...
********************************************************************************
ISim P.20131013 (signature 0x7708f090)
WARNING: A WEBPACK license was found.
WARNING: Please use Xilinx License Configuration Manager to check out a full ISim license.
WARNING: ISim will run in Lite mode. Please refer to the ISim documentation for more information on the differences between the Lite and the Full version.
This is a Lite version of ISim.
Time resolution is 1 ps
Simulator is doing circuit initialization process.
Finished circuit initialization process.
--------------------------------------------------------------------------------
done in 4661 cycles
--------------------------------------------------------------------------------
Stopped at time : 87595 ns : File "C:/Users/Vlad/Desktop/tema2_tester (3)/tema2_tester/build/bin/tester/tester.v" Line 220
********************************************************************************
**** Running test simple4...
********************************************************************************
ISim P.20131013 (signature 0x7708f090)
WARNING: A WEBPACK license was found.
WARNING: Please use Xilinx License Configuration Manager to check out a full ISim license.
WARNING: ISim will run in Lite mode. Please refer to the ISim documentation for more information on the differences between the Lite and the Full version.
This is a Lite version of ISim.
Time resolution is 1 ps
Simulator is doing circuit initialization process.
Finished circuit initialization process.
--------------------------------------------------------------------------------
done in 3148 cycles
--------------------------------------------------------------------------------
Stopped at time : 72465 ns : File "C:/Users/Vlad/Desktop/tema2_tester (3)/tema2_tester/build/bin/tester/tester.v" Line 220
